Arguments: 
  C:\Program Files\nodejs\node.exe C:\Users\Jumail\AppData\Roaming\npm\node_modules\yarn\bin\yarn.js add expo

PATH: 
  C:\Program Files (x86)\Common Files\Oracle\Java\javapath;C:\Program Files (x86)\Intel\Intel(R) Management Engine Components\iCLS\;C:\Program Files\Intel\Intel(R) Management Engine Components\iCLS\;C:\Windows\system32;C:\Windows;C:\Windows\System32\Wbem;C:\Windows\System32\WindowsPowerShell\v1.0\;C:\Windows\System32\OpenSSH\;C:\Program Files (x86)\Intel\Intel(R) Management Engine Components\DAL;C:\Program Files\Intel\Intel(R) Management Engine Components\DAL;C:\Program Files (x86)\Intel\Intel(R) Management Engine Components\IPT;C:\Program Files\Intel\Intel(R) Management Engine Components\IPT;C:\Program Files (x86)\NVIDIA Corporation\PhysX\Common;C:\Program Files\NVIDIA Corporation\NVIDIA NvDLISR;C:\WINDOWS\system32;C:\WINDOWS;C:\WINDOWS\System32\Wbem;C:\WINDOWS\System32\WindowsPowerShell\v1.0\;C:\WINDOWS\System32\OpenSSH\;C:\Program Files\dotnet\;C:\Go\bin;C:\Program Files\Git\cmd;C:\Program Files\PostgreSQL\12\bin;C:\Users\Jumail\AppData\Local\Android\Sdk\platform-tools\adb;C:\Users\Jumail\AppData\Local\Android\Sdk;C:\Program Files\PuTTY\;C:\Program Files\nodejs\;C:\WINDOWS\system32;C:\WINDOWS;C:\WINDOWS\System32\Wbem;C:\WINDOWS\System32\WindowsPowerShell\v1.0\;C:\WINDOWS\System32\OpenSSH\;C:\Program Files\Docker\Docker\resources\bin;C:\ProgramData\DockerDesktop\version-bin;C:\src\jdk-15\bin;C:\Program Files (x86)\Common Files\Acronis\SnapAPI\;C:\Program Files\MySQL\MySQL Shell 8.0\bin\;C:\Users\Jumail\.cargo\bin;C:\Users\Jumail\AppData\Local\Microsoft\WindowsApps;C:\Users\Jumail\AppData\Local\Programs\Microsoft VS Code\bin;C:\Users\Jumail\.dotnet\tools;C:\Users\Jumail\go\bin;C:\Program Files\heroku\bin;C:\src\flutter\bin;C:\Users\Jumail\AppData\Roaming\npm;C:\Users\Jumail\AppData\Local\Microsoft\WindowsApps;

Yarn version: 
  1.22.4

Node version: 
  14.10.1

Platform: 
  win32 x64

Trace: 
  Error: unexpected end of file
      at Zlib.zlibOnError [as onerror] (zlib.js:180:17)

npm manifest: 
  {
    "main": "node_modules/expo/AppEntry.js",
    "scripts": {
      "start": "expo start",
      "android": "expo start --android",
      "ios": "expo start --ios",
      "web": "expo start --web",
      "eject": "expo eject"
    },
    "dependencies": {
      "@expo/vector-icons": "^10.0.0",
      "@react-native-community/async-storage": "~1.12.0",
      "@react-native-community/masked-view": "0.1.10",
      "@react-native-community/picker": "1.6.6",
      "@react-navigation/drawer": "^5.9.0",
      "@react-navigation/native": "^5.7.3",
      "@react-navigation/stack": "^5.9.0",
      "@types/qs": "^6.9.5",
      "axios": "^0.20.0",
      "expo": "^39.0.3",
      "expo-facebook": "~9.0.0",
      "expo-google-app-auth": "^8.1.2",
      "expo-notifications": "~0.7.2",
      "expo-status-bar": "~1.0.2",
      "moment": "^2.28.0",
      "qs": "^6.9.4",
      "react": "16.13.1",
      "react-dom": "16.13.1",
      "react-native": "https://github.com/expo/react-native/archive/sdk-39.0.0.tar.gz",
      "react-native-android-dialog-picker": "^0.1.0",
      "react-native-gesture-handler": "~1.7.0",
      "react-native-paper": "^4.1.0",
      "react-native-picker-select": "^8.0.0",
      "react-native-reanimated": "~1.13.0",
      "react-native-safe-area-context": "3.1.4",
      "react-native-screens": "~2.10.1",
      "react-native-svg": "12.1.0",
      "react-native-web": "~0.13.7",
      "react-native-zhb-actionsheet": "^1.2.0"
    },
    "devDependencies": {
      "@babel/core": "^7.8.6",
      "@types/react": "~16.9.35",
      "@types/react-native": "~0.63.2",
      "typescript": "~3.9.2"
    },
    "resolutions": {
      "@react-native-community/cli-debugger-ui": "4.7.0"
    },
    "private": true
  }

yarn manifest: 
  No manifest

Lockfile: 
  No lockfile
